[mkarchiso] INFO: Validating options...
[mkarchiso] INFO: Validating 'bios.syslinux.mbr': 'memtest86+' is not in the package list. Memmory testing will not be available from syslinux.
[mkarchiso] INFO: Validating 'bios.syslinux.eltorito': 'memtest86+' is not in the package list. Memmory testing will not be available from syslinux.
[mkarchiso] INFO: 'edk2-shell' is not in the package list. The ISO will not contain a bootable UEFI shell.
[mkarchiso] INFO: Validating 'uefi-ia32.grub.esp': 'memtest86+-efi' is not in the package list. Memory testing will not be available from GRUB.
[mkarchiso] INFO: 'edk2-shell' is not in the package list. The ISO will not contain a bootable UEFI shell.
[mkarchiso] INFO: Validating 'uefi-x64.grub.esp': 'memtest86+-efi' is not in the package list. Memory testing will not be available from GRUB.
[mkarchiso] INFO: 'edk2-shell' is not in the package list. The ISO will not contain a bootable UEFI shell.
[mkarchiso] INFO: Validating 'uefi-ia32.grub.eltorito': 'memtest86+-efi' is not in the package list. Memory testing will not be available from GRUB.
[mkarchiso] INFO: 'edk2-shell' is not in the package list. The ISO will not contain a bootable UEFI shell.
[mkarchiso] INFO: Validating 'uefi-x64.grub.eltorito': 'memtest86+-efi' is not in the package list. Memory testing will not be available from GRUB.
[mkarchiso] INFO: Done!
[mkarchiso] INFO: mkarchiso configuration settings
[mkarchiso] INFO:              Architecture:   x86_64
[mkarchiso] INFO:         Working directory:   /tmp/archiso-tmp
[mkarchiso] INFO:    Installation directory:   codduo
[mkarchiso] INFO:                Build date:   2025-07-16T15:51-0400
[mkarchiso] INFO:          Output directory:   /home/codduodev/codduolive/out
[mkarchiso] INFO:        Current build mode:   iso
[mkarchiso] INFO:               Build modes:   iso
[mkarchiso] INFO:                   GPG key:   None
[mkarchiso] INFO:                GPG signer:   None
[mkarchiso] INFO: Code signing certificates:   None
[mkarchiso] INFO:                   Profile:   /home/codduodev/codduolive
[mkarchiso] INFO: Pacman configuration file:   /home/codduodev/codduolive/pacman.conf
[mkarchiso] INFO:           Image file name:   codduo_os-2025.07.16-x86_64.iso
[mkarchiso] INFO:          ISO volume label:   CODDUO_OS_202507
[mkarchiso] INFO:             ISO publisher:   CODDUO Development Team
[mkarchiso] INFO:           ISO application:   CODDUO OS - Minimalist Distribution
[mkarchiso] INFO:                Boot modes:   bios.syslinux.mbr bios.syslinux.eltorito uefi-ia32.grub.esp uefi-x64.grub.esp uefi-ia32.grub.eltorito uefi-x64.grub.eltorito
[mkarchiso] INFO:             Packages File:   /home/codduodev/codduolive/packages.x86_64
[mkarchiso] INFO:                  Packages:   amd-ucode arch-install-scripts base base-devel btrfs-progs cryptsetup curl dhcpcd dosfstools e2fsprogs efibootmgr ethtool git gptfdisk grub htop intel-ucode iw iwd less linux linux-firmware lvm2 man-db man-pages mkinitcpio mkinitcpio-archiso mtools nano networkmanager npm ntfs-3g nvme-cli openssh parted python python-pip reflector rsync sudo syslinux systemd-resolvconf tmux vim wget xfsprogs
[mkarchiso] INFO: Copying custom pacman.conf to work directory...
[mkarchiso] INFO: Using pacman CacheDir: /var/cache/pacman/pkg/ 
[mkarchiso] INFO: Copying custom airootfs files...
[mkarchiso] INFO: Done!
[mkarchiso] INFO: Installing packages to '/tmp/archiso-tmp/x86_64/airootfs/'...
==> Creating install root at /tmp/archiso-tmp/x86_64/airootfs
==> Installing packages to /tmp/archiso-tmp/x86_64/airootfs
:: Synchronizing package databases...
 core downloading...
 extra downloading...
resolving dependencies...
:: There are 2 providers available for libxtables.so=12-64:
:: Repository core
   1) iptables  2) iptables-nft

Enter a number (default=1): 
looking for conflicting packages...
warning: dependency cycle detected:
warning: systemd-libs will be installed before its libcap dependency

Packages (253) acl-2.3.2-1  archlinux-keyring-20250707-1  attr-2.5.2-1  audit-4.0.5-1  autoconf-2.72-1  automake-1.18.1-1  bash-5.3.0-1  binutils-2.44+r94+gfe459e33c676-1  bison-3.8.2-8  brotli-1.1.0-3  bzip2-1.0.8-6  c-ares-1.34.5-1  ca-certificates-20240618-1  ca-certificates-mozilla-3.113.1-1  ca-certificates-utils-20240618-1  coreutils-9.7-1  db5.3-5.3.28-5  dbus-1.16.2-1  dbus-broker-37-2  dbus-broker-units-37-2  dbus-units-37-2  debugedit-5.2-1  device-mapper-2.03.33-1  diffutils-3.12-2  duktape-2.7.0-7  efivar-39-1  ell-0.78-1  expat-2.7.1-1  fakeroot-1.37.1.2-1  file-5.46-4  filesystem-2025.05.03-1  findutils-4.10.0-3  flex-2.6.4-5  fuse-common-3.17.1-1  fuse2-2.9.9-5  gawk-5.3.2-1  gc-8.2.8-2  gcc-15.1.1+r7+gf36ec88aa85a-1  gcc-libs-15.1.1+r7+gf36ec88aa85a-1  gdbm-1.25-1  gettext-0.25.1-1  glib2-2.84.3-1  glibc-2.41+r48+g5cb575ca9a3d-1  gmp-6.3.0-2  gnulib-l10n-20241231-1  gnupg-2.4.8-1  gnutls-3.8.10-1  gpgme-2.0.0-1  gpm-1.20.7.r38.ge82d1a6-6  grep-3.12-2  groff-1.23.0-7  guile-3.0.10-1  gzip-1.14-2  hwdata-0.397-1  iana-etc-20250612-1  icu-76.1-1  iproute2-6.15.0-1  iptables-1:1.8.11-2  iputils-20250605-1  jansson-2.14.1-1  json-c-0.18-2  kbd-2.8.0-1  keyutils-1.6.3-3  kmod-34.2-1  krb5-1.21.3-2  leancrypto-1.5.1-1  libaio-0.3.113-3  libarchive-3.8.1-1  libassuan-3.0.0-1  libbpf-1.5.1-1  libcap-2.76-1  libcap-ng-0.8.5-3  libdaemon-0.14-6  libedit-20250104_3.1-1  libelf-0.193-2  libevent-2.1.12-4  libffi-3.5.1-1  libgcrypt-1.11.1-1  libgpg-error-1.55-1  libidn2-2.3.7-1  libinih-58-1  libisl-0.27-1  libksba-1.6.7-2  libldap-2.6.10-2  libmm-glib-1.24.0-2  libmnl-1.0.5-2  libmpc-1.3.1-2  libndp-1.9-1  libnetfilter_conntrack-1.0.9-2  libnewt-0.52.25-1  libnfnetlink-1.0.2-2  libnftnl-1.2.9-1  libnghttp2-1.66.0-1  libnghttp3-1.10.1-1  libngtcp2-1.13.0-1  libnl-3.11.0-1  libnm-1.52.1-1  libnsl-2.0.1-1  libnvme-1.14-1  libp11-kit-0.25.5-1  libpcap-1.10.5-3  libpgm-5.3.128-3  libpipeline-1.5.8-1  libpsl-0.21.5-2  libsasl-2.1.28-5  libseccomp-2.5.6-1  libsecret-0.21.7-1  libsodium-1.0.20-1  libssh2-1.11.1-1  libsysprof-capture-48.0-5  libtasn1-4.20.0-1  libteam-1.32-2  libtirpc-1.3.6-2  libtool-2.5.4+r23+g5b582aed-1  libunistring-1.3-1  liburcu-0.15.3-1  liburing-2.11-1  libusb-1.0.29-1  libutempter-1.2.3-1  libuv-1.51.0-1  libverto-0.3.2-5  libxcrypt-4.4.38-1  libxml2-2.14.4-2  licenses-20240728-1  linux-api-headers-6.15-1  linux-firmware-amdgpu-20250708-1  linux-firmware-atheros-20250708-1  linux-firmware-broadcom-20250708-1  linux-firmware-cirrus-20250708-1  linux-firmware-intel-20250708-1  linux-firmware-mediatek-20250708-1  linux-firmware-nvidia-20250708-1  linux-firmware-other-20250708-1  linux-firmware-radeon-20250708-1  linux-firmware-realtek-20250708-1  linux-firmware-whence-20250708-1  lmdb-0.9.33-1  lz4-1:1.10.0-2  lzo-2.10-5  m4-1.4.20-1  make-4.4.1-2  mkinitcpio-busybox-1.36.1-1  mobile-broadband-provider-info-20250613-1  mpdecimal-4.0.1-1  mpfr-4.2.2-1  ncurses-6.5-4  nettle-3.10.2-1  node-gyp-11.2.0-1  nodejs-24.4.1-1  nodejs-nopt-7.2.1-1  npth-1.8-1  nspr-4.36-1  nss-3.113.1-1  openssl-3.5.1-1  p11-kit-0.25.5-1  pacman-7.0.0.r6.gc685ae6-6  pacman-mirrorlist-20250702-2  pam-1.7.1-1  pambase-20230918-2  patch-2.8-1  pciutils-3.14.0-1  pcre-8.45-4  pcre2-10.45-1  pcsclite-2.3.3-1  perl-5.42.0-1  perl-error-0.17030-2  perl-mailtools-2.22-2  perl-timedate-2.33-8  pinentry-1.3.1-5  pkgconf-2.5.1-1  polkit-126-2  popt-1.19-2  procps-ng-4.0.5-3  psmisc-23.7-1  python-attrs-25.3.0-1  python-cffi-1.17.1-2  python-cryptography-45.0.5-1  python-filelock-3.18.0-1  python-packaging-25.0-1  python-pycparser-2.22-3  python-wheel-0.45.1-1  readline-8.3.001-1  sed-4.9-3  semver-7.7.2-1  shadow-4.18.0-1  simdjson-1:3.13.0-1  slang-2.3.3-3  sqlite-3.50.2-1  systemd-257.7-1  systemd-libs-257.7-1  systemd-sysvcompat-257.7-1  tar-1.35-2  texinfo-7.2-1  thin-provisioning-tools-1.2.0-1  tpm2-tss-4.1.3-1  tzdata-2025b-1  util-linux-2.41.1-1  util-linux-libs-2.41.1-1  vim-runtime-9.1.1552-1  which-2.23-1  wpa_supplicant-2:2.11-3  xxhash-0.8.3-1  xz-5.8.1-1  zeromq-4.3.5-2  zlib-1:1.3.1-2  zlib-ng-2.2.4-1  zstd-1.5.7-2  amd-ucode-20250708-1  arch-install-scripts-29-1  base-3-2  base-devel-1-2  btrfs-progs-6.15-1  cryptsetup-2.8.0-1  curl-8.14.1-1  dhcpcd-10.2.4-1  dosfstools-4.2-5  e2fsprogs-1.47.3-1  efibootmgr-18-3  ethtool-1:6.11-1  git-2.50.1-3  gptfdisk-1.0.10-1  grub-2:2.12.r292.g73d1c959-1  htop-3.4.1-1  intel-ucode-20250512-1  iw-6.9-1  iwd-3.9-1  less-1:668-1  linux-6.15.6.arch1-1  linux-firmware-20250708-1  lvm2-2.03.33-1  man-db-2.13.1-1  man-pages-6.14-1  mkinitcpio-39.2-3  mkinitcpio-archiso-72-1  mtools-1:4.0.49-1  nano-8.5-1  networkmanager-1.52.1-1  npm-11.4.2-1  ntfs-3g-2022.10.3-2  nvme-cli-2.14-1  openssh-10.0p1-3  parted-3.6-2  python-3.13.5-1  python-pip-25.1.1-1  reflector-2023-3  rsync-3.4.1-2  sudo-1.9.17.p1-1  syslinux-6.04.pre3.r3.g05ac953c-3  systemd-resolvconf-257.7-1  tmux-3.5_a-1  vim-9.1.1552-1  wget-1.25.0-2  xfsprogs-6.15.0-1

Total Installed Size:  1938.70 MiB

:: Proceed with installation? [Y/n] 
checking keyring...
checking package integrity...
loading package files...
checking for file conflicts...
:: Processing package changes...
installing amd-ucode...
installing linux-api-headers...
installing tzdata...
Optional dependencies for tzdata
    bash: for tzselect [pending]
    glibc: for zdump, zic [pending]
installing iana-etc...
installing filesystem...
warning: /tmp/archiso-tmp/x86_64/airootfs/etc/passwd installed as /tmp/archiso-tmp/x86_64/airootfs/etc/passwd.pacnew
warning: /tmp/archiso-tmp/x86_64/airootfs/etc/resolv.conf installed as /tmp/archiso-tmp/x86_64/airootfs/etc/resolv.conf.pacnew
warning: /tmp/archiso-tmp/x86_64/airootfs/etc/shadow installed as /tmp/archiso-tmp/x86_64/airootfs/etc/shadow.pacnew
installing glibc...
Optional dependencies for glibc
    gd: for memusagestat
    perl: for mtrace [pending]
installing gcc-libs...
installing ncurses...
Optional dependencies for ncurses
    bash: for ncursesw6-config [pending]
installing readline...
installing bash...
Optional dependencies for bash
    bash-completion: for tab completion
installing gmp...
installing mpfr...
installing gawk...
installing acl...
installing attr...
installing zlib...
installing sqlite...
installing util-linux-libs...
Optional dependencies for util-linux-libs
    python: python bindings to libmount [pending]
installing e2fsprogs...
Optional dependencies for e2fsprogs
    lvm2: for e2scrub [pending]
    util-linux: for e2scrub [pending]
    smtp-forwarder: for e2scrub_fail script
installing keyutils...
installing gdbm...
installing openssl...
Optional dependencies for openssl
    ca-certificates [pending]
    perl [pending]
installing libsasl...
installing libldap...
installing libevent...
Optional dependencies for libevent
    python: event_rpcgen.py [pending]
installing libverto...
installing lmdb...
installing krb5...
installing libcap-ng...
installing audit...
Optional dependencies for audit
    libldap: for audispd-zos-remote [installed]
    sh: for augenrules [installed]
installing libxcrypt...
installing libtirpc...
installing libnsl...
installing pambase...
installing libgpg-error...
installing libgcrypt...
installing lz4...
installing xz...
installing zstd...
installing systemd-libs...
installing pam...
installing libcap...
installing coreutils...
installing bzip2...
installing pcre2...
Optional dependencies for pcre2
    sh: for pcre2-config [installed]
installing grep...
installing findutils...
installing libtasn1...
installing libffi...
installing libp11-kit...
installing p11-kit...
installing ca-certificates-utils...
installing ca-certificates-mozilla...
installing ca-certificates...
installing brotli...
installing libunistring...
installing libidn2...
installing libnghttp2...
installing libnghttp3...
installing libpsl...
installing libssh2...
installing curl...
installing gnulib-l10n...
installing icu...
installing libxml2...
Optional dependencies for libxml2
    python: Python bindings [pending]
installing gettext...
Optional dependencies for gettext
    git: for autopoint infrastructure updates [pending]
    appstream: for appstream support
installing nettle...
installing leancrypto...
installing gnutls...
Optional dependencies for gnutls
    tpm2-tss: support for TPM2 wrapped keys [pending]
installing libksba...
installing libusb...
installing libassuan...
installing libsysprof-capture...
installing glib2...
Optional dependencies for glib2
    dconf: GSettings storage backend
    glib2-devel: development tools
    gvfs: most gio functionality
installing json-c...
installing tpm2-tss...
installing libsecret...
Optional dependencies for libsecret
    org.freedesktop.secrets: secret storage backend
installing pinentry...
Optional dependencies for pinentry
    gcr: GNOME backend
    gtk3: GTK backend
    qt5-x11extras: Qt5 backend
    kwayland5: Qt5 backend
    kguiaddons: Qt6 backend
    kwindowsystem: Qt6 backend
installing npth...
installing gnupg...
Optional dependencies for gnupg
    pcsclite: for using scdaemon not with the gnupg internal card driver [pending]
installing gpgme...
installing libarchive...
installing pacman-mirrorlist...
installing device-mapper...
installing popt...
installing cryptsetup...
installing expat...
installing dbus...
installing dbus-broker...
installing dbus-broker-units...
installing dbus-units...
installing sed...
installing gzip...
Optional dependencies for gzip
    less: zless support [pending]
    util-linux: zmore support [pending]
    diffutils: zdiff/zcmp support [pending]
installing kbd...
installing kmod...
installing hwdata...
installing libelf...
installing libseccomp...
installing file...
installing shadow...
installing util-linux...
Optional dependencies for util-linux
    words: default dictionary for look
installing systemd...
Initializing machine ID from random generator.
Creating group 'sys' with GID 3.
Creating group 'mem' with GID 8.
Creating group 'ftp' with GID 11.
Creating group 'mail' with GID 12.
Creating group 'log' with GID 19.
Creating group 'smmsp' with GID 25.
Creating group 'proc' with GID 26.
Creating group 'games' with GID 50.
Creating group 'lock' with GID 54.
Creating group 'network' with GID 90.
Creating group 'floppy' with GID 94.
Creating group 'scanner' with GID 96.
Creating group 'power' with GID 98.
Creating group 'nobody' with GID 65534.
Creating group 'adm' with GID 999.
Creating group 'wheel' with GID 998.
Creating group 'utmp' with GID 997.
Creating group 'audio' with GID 996.
Creating group 'disk' with GID 995.
Creating group 'input' with GID 994.
Creating group 'kmem' with GID 993.
Creating group 'kvm' with GID 992.
Creating group 'lp' with GID 991.
Creating group 'optical' with GID 990.
Creating group 'render' with GID 989.
Creating group 'sgx' with GID 988.
Creating group 'storage' with GID 987.
Creating group 'tty' with GID 5.
Creating group 'uucp' with GID 986.
Creating group 'video' with GID 985.
Creating group 'users' with GID 984.
Creating group 'groups' with GID 983.
Creating group 'systemd-journal' with GID 982.
Creating group 'rfkill' with GID 981.
Creating group 'bin' with GID 1.
Creating user 'bin' (n/a) with UID 1 and GID 1.
Creating group 'daemon' with GID 2.
Creating user 'daemon' (n/a) with UID 2 and GID 2.
Creating user 'mail' (n/a) with UID 8 and GID 12.
Creating user 'ftp' (n/a) with UID 14 and GID 11.
Creating group 'http' with GID 33.
Creating user 'http' (n/a) with UID 33 and GID 33.
Creating user 'nobody' (Kernel Overflow User) with UID 65534 and GID 65534.
Creating group 'dbus' with GID 81.
Creating user 'dbus' (System Message Bus) with UID 81 and GID 81.
Creating group 'systemd-coredump' with GID 980.
Creating user 'systemd-coredump' (systemd Core Dumper) with UID 980 and GID 980.
Creating group 'systemd-network' with GID 979.
Creating user 'systemd-network' (systemd Network Management) with UID 979 and GID 979.
Creating group 'systemd-oom' with GID 978.
Creating user 'systemd-oom' (systemd Userspace OOM Killer) with UID 978 and GID 978.
Creating group 'systemd-journal-remote' with GID 977.
Creating user 'systemd-journal-remote' (systemd Journal Remote) with UID 977 and GID 977.
Creating group 'systemd-resolve' with GID 976.
Creating user 'systemd-resolve' (systemd Resolver) with UID 976 and GID 976.
Creating group 'systemd-timesync' with GID 975.
Creating user 'systemd-timesync' (systemd Time Synchronization) with UID 975 and GID 975.
Creating group 'tss' with GID 974.
Creating user 'tss' (tss user for tpm2) with UID 974 and GID 974.
Creating group 'uuidd' with GID 973.
Creating user 'uuidd' (UUID generator helper daemon) with UID 973 and GID 973.
Created symlink '/etc/systemd/system/getty.target.wants/getty@tty1.service' → '/usr/lib/systemd/system/getty@.service'.
Created symlink '/etc/systemd/system/multi-user.target.wants/remote-fs.target' → '/usr/lib/systemd/system/remote-fs.target'.
Created symlink '/etc/systemd/system/sockets.target.wants/systemd-userdbd.socket' → '/usr/lib/systemd/system/systemd-userdbd.socket'.
Optional dependencies for systemd
    libmicrohttpd: systemd-journal-gatewayd and systemd-journal-remote
    quota-tools: kernel-level quota management
    systemd-sysvcompat: symlink package to provide sysvinit binaries [pending]
    systemd-ukify: combine kernel and initrd into a signed Unified Kernel Image
    polkit: allow administration as unprivileged user [pending]
    curl: systemd-journal-upload, machinectl pull-tar and pull-raw [installed]
    gnutls: systemd-journal-gatewayd and systemd-journal-remote [installed]
    qrencode: show QR codes
    iptables: firewall features [pending]
    libarchive: convert DDIs to tarballs [installed]
    libbpf: support BPF programs [pending]
    libpwquality: check password quality
    libfido2: unlocking LUKS2 volumes with FIDO2 token
    libp11-kit: support PKCS#11 [installed]
    tpm2-tss: unlocking LUKS2 volumes with TPM2 [installed]
installing pacman...
Optional dependencies for pacman
    base-devel: required to use makepkg [pending]
    perl-locale-gettext: translation support in makepkg-template
installing arch-install-scripts...
installing procps-ng...
installing tar...
installing pciutils...
Optional dependencies for pciutils
    which: for update-pciids [pending]
    grep: for update-pciids [installed]
    curl: for update-pciids [installed]
installing psmisc...
installing licenses...
installing archlinux-keyring...
installing systemd-sysvcompat...
installing iputils...
installing libmnl...
installing libnftnl...
installing libnl...
installing libpcap...
installing libnfnetlink...
installing libnetfilter_conntrack...
installing iptables...
installing libbpf...
installing iproute2...
Optional dependencies for iproute2
    db5.3: userspace arp daemon [pending]
    linux-atm: ATM support
    python: for routel [pending]
installing base...
Optional dependencies for base
    linux: bare metal support [pending]
installing m4...
installing diffutils...
installing db5.3...
installing perl...
installing autoconf...
installing automake...
installing jansson...
installing binutils...
Optional dependencies for binutils
    debuginfod: for debuginfod server/client functionality
installing bison...
installing xxhash...
installing debugedit...
installing fakeroot...
installing flex...
installing libmpc...
installing libisl...
installing gcc...
Optional dependencies for gcc
    lib32-gcc-libs: for generating code for 32-bit ABI
installing groff...
Optional dependencies for groff
    netpbm: for use together with man -H command interaction in browsers
    psutils: for use together with man -H command interaction in browsers
    libxaw: for gxditview
    perl-file-homedir: for use with glilypond
installing libtool...
installing gc...
installing guile...
installing make...
installing patch...
Optional dependencies for patch
    ed: for patch -e functionality
installing pkgconf...
installing sudo...
installing texinfo...
Optional dependencies for texinfo
    perl-archive-zip: EPUB file output via texi2any
installing which...
installing base-devel...
installing lzo...
installing btrfs-progs...
Optional dependencies for btrfs-progs
    python: libbtrfsutil python bindings [pending]
    e2fsprogs: btrfs-convert [installed]
installing dhcpcd...
Optional dependencies for dhcpcd
    openresolv: resolvconf support [pending]
installing dosfstools...
installing efivar...
installing efibootmgr...
installing ethtool...
installing perl-error...
installing perl-timedate...
installing perl-mailtools...
installing zlib-ng...
installing git...
Optional dependencies for git
    git-zsh-completion: upstream zsh completion
    tk: gitk and git gui
    openssh: ssh transport and crypto [pending]
    man: show help with `git command --help` [pending]
    perl-libwww: git svn
    perl-term-readkey: git svn and interactive.singlekey setting
    perl-io-socket-ssl: git send-email TLS support
    perl-authen-sasl: git send-email TLS support
    perl-mediawiki-api: git mediawiki support
    perl-datetime-format-iso8601: git mediawiki support
    perl-lwp-protocol-https: git mediawiki https support
    perl-cgi: gitweb (web interface) support
    python: git svn & git p4 [pending]
    subversion: git svn
    org.freedesktop.secrets: keyring credential helper
    libsecret: libsecret credential helper [installed]
    less: the default pager for git [pending]
installing gptfdisk...
installing grub...
:: Install your bootloader and generate configuration with:
     # grub-install ...
     # grub-mkconfig -o /boot/grub/grub.cfg
Optional dependencies for grub
    dosfstools: For grub-mkrescue FAT FS and EFI support [installed]
    efibootmgr: For grub-install EFI support [installed]
    freetype2: For grub-mkfont usage
    fuse3: For grub-mount usage
    libisoburn: Provides xorriso for generating grub rescue iso using grub-mkrescue
    lzop: For grub-mkrescue LZO support
    mtools: For grub-mkrescue FAT FS support [pending]
    os-prober: To detect other OSes when generating grub.cfg in BIOS systems
installing htop...
Optional dependencies for htop
    lm_sensors: show cpu temperatures
    lsof: show files opened by a process
    strace: attach to a running process
installing intel-ucode...
installing iw...
installing ell...
installing iwd...
Optional dependencies for iwd
    qrencode: for displaying QR code after DPP is started
installing less...
installing mkinitcpio-busybox...
installing mkinitcpio...
Optional dependencies for mkinitcpio
    xz: Use lzma or xz compression for the initramfs image [installed]
    bzip2: Use bzip2 compression for the initramfs image [installed]
    lzop: Use lzo compression for the initramfs image
    lz4: Use lz4 compression for the initramfs image [installed]
    mkinitcpio-nfs-utils: Support for root filesystem on NFS
    systemd-ukify: alternative UKI generator
installing linux...
Optional dependencies for linux
    linux-firmware: firmware images needed for some devices [pending]
    scx-scheds: to use sched-ext schedulers
    wireless-regdb: to set the correct wireless channels of your country
installing linux-firmware-whence...
installing linux-firmware-amdgpu...
installing linux-firmware-atheros...
installing linux-firmware-broadcom...
installing linux-firmware-cirrus...
installing linux-firmware-intel...
installing linux-firmware-mediatek...
installing linux-firmware-nvidia...
installing linux-firmware-other...
installing linux-firmware-radeon...
installing linux-firmware-realtek...
installing linux-firmware...
Optional dependencies for linux-firmware
    linux-firmware-liquidio: Firmware for Cavium LiquidIO server adapters
    linux-firmware-marvell: Firmware for Marvell devices
    linux-firmware-mellanox: Firmware for Mellanox Spectrum switches
    linux-firmware-nfp: Firmware for Netronome Flow Processors
    linux-firmware-qcom: Firmware for Qualcomm SoCs
    linux-firmware-qlogic: Firmware for QLogic devices
installing thin-provisioning-tools...
installing libaio...
installing lvm2...
installing libpipeline...
installing man-db...
Optional dependencies for man-db
    gzip [installed]
installing man-pages...
installing mkinitcpio-archiso...
Optional dependencies for mkinitcpio-archiso
    curl: for PXE over HTTP [installed]
    gnupg: for PGP signature verification of rootfs over PXE [installed]
    mkinitcpio-nfs-utils: for PXE over NFS
    nbd: for PXE over NBD
    openssl: for CMS signature verification of rootfs over PXE [installed]
    pv: for status display during copy to RAM
installing mtools...
Optional dependencies for mtools
    libx11: required by floppyd
    libxau: required by floppyd
installing nano...
installing libmm-glib...
installing libndp...
installing gpm...
installing pcre...
installing slang...
installing libnewt...
Optional dependencies for libnewt
    python: libnewt support with the _snack module [pending]
    tcl: whiptcl support
installing nspr...
installing nss...
installing libnm...
installing libdaemon...
installing libsodium...
installing libpgm...
installing zeromq...
Optional dependencies for zeromq
    cppzmq: C++ binding for libzmq
installing libteam...
installing mobile-broadband-provider-info...
installing duktape...
installing polkit...
installing pcsclite...
Optional dependencies for pcsclite
    python: API call trace logging with the pcsc-spy [pending]
    ccid: USB Chip/Smart Card Interface Devices driver
installing wpa_supplicant...
installing networkmanager...
Optional dependencies for networkmanager
    bluez: Bluetooth support
    dhcpcd: alternative DHCP client [installed]
    dnsmasq: connection sharing
    firewalld: firewall support
    iptables: connection sharing [installed]
    iwd: wpa_supplicant alternative [installed]
    modemmanager: cellular network support
    nftables: connection sharing
    openresolv: alternative resolv.conf manager [pending]
    pacrunner: PAC proxy support
    polkit: let non-root users control networking [installed]
    ppp: dialup connection support
installing c-ares...
installing libngtcp2...
installing libuv...
installing simdjson...
installing nodejs...
Optional dependencies for nodejs
    npm: nodejs package manager [pending]
installing nodejs-nopt...
installing semver...
installing node-gyp...
Optional dependencies for node-gyp
    gcc: to build C++ modules [installed]
    make: to build C++ modules [installed]
    python: to build C++ modules [pending]
installing npm...
Optional dependencies for npm
    git: for dependencies using Git URL's [installed]
installing fuse-common...
installing fuse2...
installing ntfs-3g...
installing liburing...
installing libnvme...
installing nvme-cli...
installing libedit...
installing openssh...
Optional dependencies for openssh
    libfido2: FIDO/U2F support
    sh: for ssh-copy-id and findssl.sh [installed]
    x11-ssh-askpass: input passphrase in X
    xorg-xauth: X11 forwarding
installing parted...
installing mpdecimal...
installing python...
Optional dependencies for python
    python-setuptools: for building Python packages using tooling that is usually bundled with Python
    python-pip: for installing Python packages using tooling that is usually bundled with Python [pending]
    python-pipx: for installing Python software not packaged on Arch Linux
    sqlite: for a default database integration [installed]
    xz: for lzma [installed]
    tk: for tkinter
installing python-attrs...
installing python-pycparser...
installing python-cffi...
Optional dependencies for python-cffi
    python-setuptools: "limited api" version checking in cffi.setuptools_ext
installing python-cryptography...
installing python-filelock...
installing python-packaging...
installing python-wheel...
Optional dependencies for python-wheel
    python-keyring: for wheel.signatures
    python-xdg: for wheel.signatures
    python-setuptools: for legacy bdist_wheel subcommand
installing python-pip...
installing reflector...
warning: /tmp/archiso-tmp/x86_64/airootfs/etc/xdg/reflector/reflector.conf installed as /tmp/archiso-tmp/x86_64/airootfs/etc/xdg/reflector/reflector.conf.pacnew
Optional dependencies for reflector
    rsync: rate rsync mirrors [pending]
installing rsync...
Optional dependencies for rsync
    python: for rrsync [installed]
installing syslinux...

==> For setting up Syslinux BIOS using the syslinux-install_update script follow
    https://wiki.archlinux.org/index.php/Syslinux#Automatic_Install

==> For setting up Syslinux EFI follow
    https://wiki.archlinux.org/index.php/Syslinux#UEFI_Systems

==> The syslinux-install_update script does not currently support EFI install

Optional dependencies for syslinux
    perl-crypt-passwdmd5: For md5pass
    perl-digest-sha1: For sha1pass
    mtools: For mkdiskimage and syslinux support [installed]
    gptfdisk: For GPT support [installed]
    util-linux: For isohybrid [installed]
    efibootmgr: For EFI support [installed]
    dosfstools: For EFI support [installed]
installing systemd-resolvconf...
installing libutempter...
installing tmux...
installing vim-runtime...
Optional dependencies for vim-runtime
    sh: support for some tools and macros [installed]
    python: demoserver example tool [installed]
    gawk: mve tools upport [installed]
installing vim...
Optional dependencies for vim
    python: Python language support [installed]
    ruby: Ruby language support
    lua: Lua language support
    perl: Perl language support [installed]
    tcl: Tcl language support
installing wget...
Optional dependencies for wget
    ca-certificates: HTTPS downloads [installed]
installing libinih...
installing liburcu...
installing xfsprogs...
Optional dependencies for xfsprogs
    icu: for xfs_scrub [installed]
    python: for xfs_scrub_all script [installed]
    smtp-forwarder: for xfs_scrub_fail script
:: Running post-transaction hooks...
( 1/17) Creating system user accounts...
Creating group 'polkitd' with GID 102.
Creating group 'alpm' with GID 972.
Creating user 'alpm' (Arch Linux Package Management) with UID 972 and GID 972.
Creating group 'dhcpcd' with GID 971.
Creating user 'dhcpcd' (dhcpcd privilege separation) with UID 971 and GID 971.
Creating group 'git' with GID 970.
Creating user 'git' (git daemon user) with UID 970 and GID 970.
Creating user 'polkitd' (User for polkitd) with UID 102 and GID 102.
( 2/17) Updating journal message catalog...
( 3/17) Reloading system manager configuration...
  Skipped: Running in chroot.
( 4/17) Reloading user manager configuration...
  Skipped: Running in chroot.
( 5/17) Updating udev hardware database...
( 6/17) Applying kernel sysctl settings...
  Skipped: Running in chroot.
( 7/17) Creating temporary files...
( 8/17) Reloading device manager configuration...
  Skipped: Running in chroot.
( 9/17) Arming ConditionNeedsUpdate...
(10/17) Rebuilding certificate stores...
(11/17) Updating module dependencies...
(12/17) Updating linux initcpios...
==> Building image from preset: /etc/mkinitcpio.d/linux.preset: 'archiso'
==> Using configuration file: '/etc/mkinitcpio.conf.d/archiso.conf'
  -> -k /boot/vmlinuz-linux -c /etc/mkinitcpio.conf.d/archiso.conf -g /boot/initramfs-linux.img
==> Starting build: '6.15.6-arch1-1'
  -> Running build hook: [base]
  -> Running build hook: [udev]
  -> Running build hook: [microcode]
  -> Running build hook: [modconf]
  -> Running build hook: [kms]
==> WARNING: Possibly missing firmware for module: 'ast'
  -> Running build hook: [memdisk]
  -> Running build hook: [archiso]
==> WARNING: pv not found; falling back to cp for copy to RAM
  -> Running build hook: [archiso_loop_mnt]
  -> Running build hook: [archiso_pxe_common]
==> WARNING: Possibly missing firmware for module: 'adf7242'
==> WARNING: Possibly missing firmware for module: 'qed'
==> WARNING: Possibly missing firmware for module: 'nfp'
==> WARNING: Possibly missing firmware for module: 'mlxsw_spectrum'
==> WARNING: Possibly missing firmware for module: 'liquidio'
==> WARNING: Possibly missing firmware for module: 'bna'
==> WARNING: Possibly missing firmware for module: 'softing_cs'
==> ERROR: file not found: '/usr/lib/initcpio/ipconfig'
  -> Running build hook: [archiso_pxe_nbd]
==> ERROR: binary not found: 'nbd-client'
  -> Running build hook: [archiso_pxe_http]
  -> Running build hook: [archiso_pxe_nfs]
==> ERROR: file not found: '/usr/lib/initcpio/nfsmount'
  -> Running build hook: [block]
==> WARNING: Possibly missing firmware for module: 'wd719x'
==> WARNING: Possibly missing firmware for module: 'qla2xxx'
==> WARNING: Possibly missing firmware for module: 'qla1280'
==> WARNING: Possibly missing firmware for module: 'bfa'
==> WARNING: Possibly missing firmware for module: 'aic94xx'
==> WARNING: Possibly missing firmware for module: 'xhci_pci_renesas'
  -> Running build hook: [filesystems]
  -> Running build hook: [keyboard]
==> Generating module dependencies
==> Creating xz-compressed initcpio image: '/boot/initramfs-linux.img'
==> WARNING: errors were encountered during the build. The image may not be complete.
error: command failed to execute correctly
(13/17) Reloading system bus configuration...
  Skipped: Running in chroot.
(14/17) Checking for old perl modules...
(15/17) Updating the info directory file...
(16/17) Uncommenting all mirrors in /etc/pacman.d/mirrorlist...
(17/17) Work around FS#49347 by removing custom pacman hooks that are only required during ISO build...
[mkarchiso] INFO: Done! Packages installed successfully.
[mkarchiso] INFO: Creating version files...
[mkarchiso] INFO: Done!
[mkarchiso] INFO: Copying /etc/skel/* to user homes...
[mkarchiso] INFO: Done!
[mkarchiso] INFO: Creating a list of installed packages on live-enviroment...
[mkarchiso] INFO: Done!
[mkarchiso] INFO: Setting up SYSLINUX for BIOS booting from a disk...
[mkarchiso] INFO: Preparing kernel and initramfs for the ISO 9660 file system...
[mkarchiso] INFO: Done!
[mkarchiso] INFO: Done! SYSLINUX set up for BIOS booting from a disk successfully.
[mkarchiso] INFO: Setting up SYSLINUX for BIOS booting from an optical disc...
[mkarchiso] INFO: Done! SYSLINUX set up for BIOS booting from an optical disc successfully.
[mkarchiso] INFO: Creating FAT image of size: 21504 KiB...
mkfs.fat 4.2 (2021-01-31)
[mkarchiso] INFO: Done! GRUB set up for UEFI booting successfully.
[mkarchiso] INFO: Done! GRUB set up for UEFI booting successfully.
[mkarchiso] INFO: Preparing an /EFI directory for the ISO 9660 file system...
[mkarchiso] INFO: Done!
[mkarchiso] INFO: Preparing an /EFI directory for the ISO 9660 file system...
[mkarchiso] INFO: Done!
[mkarchiso] INFO: Cleaning up in pacstrap location...
[mkarchiso] INFO: Done!
[mkarchiso] INFO: Creating SquashFS image, this may take some time...
Parallel mksquashfs: Using 4 processors
Creating 4.0 filesystem on /tmp/archiso-tmp/iso/codduo/x86_64/airootfs.sfs, block size 1048576.
[/                                                           ]     0/64035   0%[========-                                                   ]  9500/64035  14%[========/                                                   ]  9700/64035  15%[=========\                                                  ] 10700/64035  16%[============-                                               ] 13300/64035  20%